<?xml version="1.0" encoding="UTF-8"?>
<testsuite xmlns:xsi="http://www.w3.org/2001/XMLSchema-instance" xsi:noNamespaceSchemaLocation="https://maven.apache.org/surefire/maven-surefire-plugin/xsd/surefire-test-report-3.0.xsd" version="3.0" name="edu.eci.cvds.tdd.AppTest" time="0.131" tests="16" errors="0" skipped="0" failures="0">
  <properties>
    <property name="java.specification.version" value="23"/>
    <property name="sun.cpu.isalist" value="amd64"/>
    <property name="sun.jnu.encoding" value="Cp1252"/>
    <property name="java.class.path" value="C:\Users\Juan David\LAB3_CVDS\target\test-classes;C:\Users\Juan David\LAB3_CVDS\target\classes;C:\Users\Juan David\.m2\repository\org\junit\jupiter\junit-jupiter-api\5.11.4\junit-jupiter-api-5.11.4.jar;C:\Users\Juan David\.m2\repository\org\opentest4j\opentest4j\1.3.0\opentest4j-1.3.0.jar;C:\Users\Juan David\.m2\repository\org\junit\platform\junit-platform-commons\1.11.4\junit-platform-commons-1.11.4.jar;C:\Users\Juan David\.m2\repository\org\apiguardian\apiguardian-api\1.1.2\apiguardian-api-1.1.2.jar;C:\Users\Juan David\.m2\repository\org\junit\jupiter\junit-jupiter-params\5.11.4\junit-jupiter-params-5.11.4.jar;C:\Users\Juan David\.m2\repository\org\junit\jupiter\junit-jupiter-engine\5.11.4\junit-jupiter-engine-5.11.4.jar;C:\Users\Juan David\.m2\repository\org\junit\platform\junit-platform-engine\1.11.4\junit-platform-engine-1.11.4.jar;"/>
    <property name="java.vm.vendor" value="Oracle Corporation"/>
    <property name="sun.arch.data.model" value="64"/>
    <property name="user.variant" value=""/>
    <property name="java.vendor.url" value="https://java.oracle.com/"/>
    <property name="user.timezone" value="America/Bogota"/>
    <property name="os.name" value="Windows 11"/>
    <property name="java.vm.specification.version" value="23"/>
    <property name="sun.java.launcher" value="SUN_STANDARD"/>
    <property name="user.country" value="CO"/>
    <property name="sun.boot.library.path" value="C:\Program Files\Java\jdk-23\bin"/>
    <property name="sun.java.command" value="C:\Users\Juan David\AppData\Local\Temp\surefire6756606545936069216\surefirebooter-20250211225026899_3.jar C:\Users\Juan David\AppData\Local\Temp\surefire6756606545936069216 2025-02-11T22-50-26_791-jvmRun1 surefire-20250211225026899_1tmp surefire_0-20250211225026899_2tmp"/>
    <property name="jdk.debug" value="release"/>
    <property name="surefire.test.class.path" value="C:\Users\Juan David\LAB3_CVDS\target\test-classes;C:\Users\Juan David\LAB3_CVDS\target\classes;C:\Users\Juan David\.m2\repository\org\junit\jupiter\junit-jupiter-api\5.11.4\junit-jupiter-api-5.11.4.jar;C:\Users\Juan David\.m2\repository\org\opentest4j\opentest4j\1.3.0\opentest4j-1.3.0.jar;C:\Users\Juan David\.m2\repository\org\junit\platform\junit-platform-commons\1.11.4\junit-platform-commons-1.11.4.jar;C:\Users\Juan David\.m2\repository\org\apiguardian\apiguardian-api\1.1.2\apiguardian-api-1.1.2.jar;C:\Users\Juan David\.m2\repository\org\junit\jupiter\junit-jupiter-params\5.11.4\junit-jupiter-params-5.11.4.jar;C:\Users\Juan David\.m2\repository\org\junit\jupiter\junit-jupiter-engine\5.11.4\junit-jupiter-engine-5.11.4.jar;C:\Users\Juan David\.m2\repository\org\junit\platform\junit-platform-engine\1.11.4\junit-platform-engine-1.11.4.jar;"/>
    <property name="sun.cpu.endian" value="little"/>
    <property name="user.home" value="C:\Users\Juan David"/>
    <property name="user.language" value="es"/>
    <property name="java.specification.vendor" value="Oracle Corporation"/>
    <property name="java.version.date" value="2024-10-15"/>
    <property name="java.home" value="C:\Program Files\Java\jdk-23"/>
    <property name="file.separator" value="\"/>
    <property name="basedir" value="C:\Users\Juan David\LAB3_CVDS"/>
    <property name="java.vm.compressedOopsMode" value="Zero based"/>
    <property name="line.separator" value="&#10;"/>
    <property name="java.vm.specification.vendor" value="Oracle Corporation"/>
    <property name="java.specification.name" value="Java Platform API Specification"/>
    <property name="surefire.real.class.path" value="C:\Users\Juan David\AppData\Local\Temp\surefire6756606545936069216\surefirebooter-20250211225026899_3.jar"/>
    <property name="user.script" value=""/>
    <property name="sun.management.compiler" value="HotSpot 64-Bit Tiered Compilers"/>
    <property name="java.runtime.version" value="23.0.1+11-39"/>
    <property name="user.name" value="Juan David"/>
    <property name="stdout.encoding" value="Cp1252"/>
    <property name="path.separator" value=";"/>
    <property name="os.version" value="10.0"/>
    <property name="java.runtime.name" value="Java(TM) SE Runtime Environment"/>
    <property name="file.encoding" value="UTF-8"/>
    <property name="java.vm.name" value="Java HotSpot(TM) 64-Bit Server VM"/>
    <property name="localRepository" value="C:\Users\Juan David\.m2\repository"/>
    <property name="java.vendor.url.bug" value="https://bugreport.java.com/bugreport/"/>
    <property name="java.io.tmpdir" value="C:\Users\JUANDA~1\AppData\Local\Temp\"/>
    <property name="sonar.token" value="squ_dc047689f4b24e5fae28bd175e533dce8cf5799d"/>
    <property name="java.version" value="23.0.1"/>
    <property name="user.dir" value="C:\Users\Juan David\LAB3_CVDS"/>
    <property name="os.arch" value="amd64"/>
    <property name="java.vm.specification.name" value="Java Virtual Machine Specification"/>
    <property name="sun.os.patch.level" value=""/>
    <property name="native.encoding" value="Cp1252"/>
    <property name="java.library.path" value="C:\Program Files\Java\jdk-23\bin;C:\windows\Sun\Java\bin;C:\windows\system32;C:\windows;C:\Program Files\Common Files\Oracle\Java\javapath;C:\Program Files (x86)\Common Files\Oracle\Java\javapath;C:\Program Files\Python38\Scripts\;C:\Program Files\Python38\;C:\windows\system32;C:\windows;C:\windows\System32\Wbem;C:\windows\System32\WindowsPowerShell\v1.0\;C:\windows\System32\OpenSSH\;C:\Program Files (x86)\NVIDIA Corporation\PhysX\Common;C:\Program Files\NVIDIA Corporation\NVIDIA NvDLISR;C:\Program Files\Git\cmd;C:\Program Files\Wolfram Research\WolframScript\;C:\Program Files\PuTTY\;C:\workspace\apache-maven-3.9.9-bin\apache-maven-3.9.9\bin;;C:\Program Files\Docker\Docker\resources\bin;C:\Users\Juan David\AppData\Local\Microsoft\WindowsApps;C:\Users\Juan David\AppData\Local\Programs\Microsoft VS Code\bin;C:\Users\Juan David\AppData\Local\GitHubDesktop\bin;C:\Program Files\Java\jdk-23\bin;C:\Users\Juan David\AppData\Local\JetBrains\Toolbox\scripts;;."/>
    <property name="java.vm.info" value="mixed mode, sharing"/>
    <property name="stderr.encoding" value="Cp1252"/>
    <property name="java.vendor" value="Oracle Corporation"/>
    <property name="java.vm.version" value="23.0.1+11-39"/>
    <property name="sun.io.unicode.encoding" value="UnicodeLittle"/>
    <property name="java.class.version" value="67.0"/>
  </properties>
  <testcase name="testUserCannotBorrowSameBookTwice" classname="edu.eci.cvds.tdd.AppTest" time="0.055">
    <system-out><![CDATA[Libro agregado: 12345 - Nueva cantidad: 1
Error: No hay copias disponibles del libro.
]]></system-out>
  </testcase>
  <testcase name="testLoanBookFailsWhenBookNotAvailable" classname="edu.eci.cvds.tdd.AppTest" time="0.005">
    <system-out><![CDATA[Libro agregado: 12345 - Nueva cantidad: 1
Error: El libro con ISBN 99999 no existe.
]]></system-out>
  </testcase>
  <testcase name="testLoanBook_NoAvailableCopies" classname="edu.eci.cvds.tdd.AppTest" time="0.0">
    <system-out><![CDATA[Libro agregado: 12345 - Nueva cantidad: 1
Error: No hay copias disponibles del libro.
]]></system-out>
  </testcase>
  <testcase name="testGetTitle" classname="edu.eci.cvds.tdd.AppTest" time="0.004">
    <system-out><![CDATA[Libro agregado: 12345 - Nueva cantidad: 1
]]></system-out>
  </testcase>
  <testcase name="testAddBook" classname="edu.eci.cvds.tdd.AppTest" time="0.006">
    <system-out><![CDATA[Libro agregado: 12345 - Nueva cantidad: 1
Libro agregado: 12345 - Nueva cantidad: 1
]]></system-out>
  </testcase>
  <testcase name="testAddUser" classname="edu.eci.cvds.tdd.AppTest" time="0.0">
    <system-out><![CDATA[Libro agregado: 12345 - Nueva cantidad: 1
]]></system-out>
  </testcase>
  <testcase name="testHashCodeDifferentIds" classname="edu.eci.cvds.tdd.AppTest" time="0.005">
    <system-out><![CDATA[Libro agregado: 12345 - Nueva cantidad: 1
]]></system-out>
  </testcase>
  <testcase name="testGetName" classname="edu.eci.cvds.tdd.AppTest" time="0.0">
    <system-out><![CDATA[Libro agregado: 12345 - Nueva cantidad: 1
]]></system-out>
  </testcase>
  <testcase name="testReturnLoanSuccessfully" classname="edu.eci.cvds.tdd.AppTest" time="0.004">
    <system-out><![CDATA[Libro agregado: 12345 - Nueva cantidad: 1
Libro agregado: 12345 - Nueva cantidad: 1
Préstamo realizado con éxito.
Intentando devolver el préstamo: edu.eci.cvds.tdd.library.loan.Loan@22ffa91a
Préstamo devuelto correctamente.
]]></system-out>
  </testcase>
  <testcase name="testBooksWithSameIsbnAreEqual" classname="edu.eci.cvds.tdd.AppTest" time="0.003">
    <system-out><![CDATA[Libro agregado: 12345 - Nueva cantidad: 1
]]></system-out>
  </testcase>
  <testcase name="testHashCode" classname="edu.eci.cvds.tdd.AppTest" time="0.0">
    <system-out><![CDATA[Libro agregado: 12345 - Nueva cantidad: 1
]]></system-out>
  </testcase>
  <testcase name="testGetAuthor" classname="edu.eci.cvds.tdd.AppTest" time="0.0">
    <system-out><![CDATA[Libro agregado: 12345 - Nueva cantidad: 1
]]></system-out>
  </testcase>
  <testcase name="testLoanBook_UserDoesNotExist" classname="edu.eci.cvds.tdd.AppTest" time="0.006">
    <system-out><![CDATA[Libro agregado: 12345 - Nueva cantidad: 1
Error: El usuario no existe.
]]></system-out>
  </testcase>
  <testcase name="testUsersWithSameIdAreEqual" classname="edu.eci.cvds.tdd.AppTest" time="0.002">
    <system-out><![CDATA[Libro agregado: 12345 - Nueva cantidad: 1
]]></system-out>
  </testcase>
  <testcase name="testLoanBookSuccessfully" classname="edu.eci.cvds.tdd.AppTest" time="0.0">
    <system-out><![CDATA[Libro agregado: 12345 - Nueva cantidad: 1
Libro agregado: 12345 - Nueva cantidad: 1
Préstamo realizado con éxito.
]]></system-out>
  </testcase>
  <testcase name="testBooksWithDifferentIsbnAreNotEqual" classname="edu.eci.cvds.tdd.AppTest" time="0.004">
    <system-out><![CDATA[Libro agregado: 12345 - Nueva cantidad: 1
]]></system-out>
  </testcase>
</testsuite>